[0.010s] Invoking command in '/home/yamaguchi-a/ros2_ws/src/d1_waypoints_manager/build/d1_waypoints_manager': CMAKE_PREFIX_PATH=${CMAKE_PREFIX_PATH}:/opt/ros/humble /usr/bin/cmake /home/yamaguchi-a/ros2_ws/src/d1_waypoints_manager -DCMAKE_INSTALL_PREFIX=/home/yamaguchi-a/ros2_ws/src/d1_waypoints_manager/install/d1_waypoints_manager
[0.022s] -- Found rclcpp: 16.0.10 (/opt/ros/humble/share/rclcpp/cmake)
[0.173s] -- Found rosidl_generator_c: 3.1.5 (/opt/ros/humble/share/rosidl_generator_c/cmake)
[0.176s] -- Found rosidl_adapter: 3.1.5 (/opt/ros/humble/share/rosidl_adapter/cmake)
[0.181s] -- Found rosidl_generator_cpp: 3.1.5 (/opt/ros/humble/share/rosidl_generator_cpp/cmake)
[0.191s] -- Using all available rosidl_typesupport_c: rosidl_typesupport_fastrtps_c;rosidl_typesupport_introspection_c
[0.203s] -- Using all available rosidl_typesupport_cpp: rosidl_typesupport_fastrtps_cpp;rosidl_typesupport_introspection_cpp
[0.233s] -- Found rmw_implementation_cmake: 6.1.2 (/opt/ros/humble/share/rmw_implementation_cmake/cmake)
[0.235s] -- Found rmw_fastrtps_cpp: 6.2.7 (/opt/ros/humble/share/rmw_fastrtps_cpp/cmake)
[0.329s] -- Using RMW implementation 'rmw_fastrtps_cpp' as default
[0.379s] -- Found rclcpp_action: 16.0.10 (/opt/ros/humble/share/rclcpp_action/cmake)
[0.417s] -- Found nav2_msgs: 1.1.15 (/opt/ros/humble/share/nav2_msgs/cmake)
[0.477s] -- Found tf2: 0.25.7 (/opt/ros/humble/share/tf2/cmake)
[0.482s] -- Found tf2_geometry_msgs: 0.25.7 (/opt/ros/humble/share/tf2_geometry_msgs/cmake)
[0.486s] -- Found eigen3_cmake_module: 0.1.1 (/opt/ros/humble/share/eigen3_cmake_module/cmake)
[0.488s] -- Ensuring Eigen3 include directory is part of orocos-kdl CMake target
[0.556s] [31mCMake Error at CMakeLists.txt:20 (find_package):
[0.556s]   By not providing "Findtsukutsuku2_msgs.cmake" in CMAKE_MODULE_PATH this
[0.556s]   project has asked CMake to find a package configuration file provided by
[0.556s]   "tsukutsuku2_msgs", but CMake did not find one.
[0.556s] 
[0.556s]   Could not find a package configuration file provided by "tsukutsuku2_msgs"
[0.556s]   with any of the following names:
[0.556s] 
[0.556s]     tsukutsuku2_msgsConfig.cmake
[0.557s]     tsukutsuku2_msgs-config.cmake
[0.557s] 
[0.557s]   Add the installation prefix of "tsukutsuku2_msgs" to CMAKE_PREFIX_PATH or
[0.557s]   set "tsukutsuku2_msgs_DIR" to a directory containing one of the above
[0.557s]   files.  If "tsukutsuku2_msgs" provides a separate development package or
[0.557s]   SDK, be sure it has been installed.
[0.557s] 
[0.557s] [0m
[0.557s] -- Configuring incomplete, errors occurred!
[0.557s] See also "/home/yamaguchi-a/ros2_ws/src/d1_waypoints_manager/build/d1_waypoints_manager/CMakeFiles/CMakeOutput.log".
[0.563s] Invoked command in '/home/yamaguchi-a/ros2_ws/src/d1_waypoints_manager/build/d1_waypoints_manager' returned '1': CMAKE_PREFIX_PATH=${CMAKE_PREFIX_PATH}:/opt/ros/humble /usr/bin/cmake /home/yamaguchi-a/ros2_ws/src/d1_waypoints_manager -DCMAKE_INSTALL_PREFIX=/home/yamaguchi-a/ros2_ws/src/d1_waypoints_manager/install/d1_waypoints_manager
