[0.128s] DEBUG:colcon:Command line arguments: ['/usr/bin/colcon', 'build']
[0.128s] DEBUG:colcon:Parsed command line arguments: Namespace(log_base=None, log_level=None, verb_name='build', build_base='build', install_base='install', merge_install=False, symlink_install=False, test_result_base=None, continue_on_error=False, executor='parallel', parallel_workers=8, event_handlers=None, ignore_user_meta=False, metas=['./colcon.meta'], base_paths=['.'], packages_ignore=None, packages_ignore_regex=None, paths=None, packages_up_to=None, packages_up_to_regex=None, packages_above=None, packages_above_and_dependencies=None, packages_above_depth=None, packages_select_by_dep=None, packages_skip_by_dep=None, packages_skip_up_to=None, packages_select_build_failed=False, packages_skip_build_finished=False, packages_select_test_failures=False, packages_skip_test_passed=False, packages_select=None, packages_skip=None, packages_select_regex=None, packages_skip_regex=None, packages_start=None, packages_end=None, allow_overriding=[], cmake_args=None, cmake_target=None, cmake_target_skip_unavailable=False, cmake_clean_cache=False, cmake_clean_first=False, cmake_force_configure=False, ament_cmake_args=None, catkin_cmake_args=None, catkin_skip_building_tests=False, mixin_files=None, mixin=None, verb_parser=<colcon_mixin.mixin.mixin_argument.MixinArgumentDecorator object at 0x70c7d903b190>, verb_extension=<colcon_core.verb.build.BuildVerb object at 0x70c7d903ac20>, main=<bound method BuildVerb.main of <colcon_core.verb.build.BuildVerb object at 0x70c7d903ac20>>, mixin_verb=('build',))
[0.322s] Level 1:colcon.colcon_core.package_discovery:discover_packages(colcon_meta) check parameters
[0.322s] Level 1:colcon.colcon_core.package_discovery:discover_packages(recursive) check parameters
[0.322s] Level 1:colcon.colcon_core.package_discovery:discover_packages(ignore) check parameters
[0.322s] Level 1:colcon.colcon_core.package_discovery:discover_packages(path) check parameters
[0.322s] Level 1:colcon.colcon_core.package_discovery:discover_packages(colcon_meta) discover
[0.322s] Level 1:colcon.colcon_core.package_discovery:discover_packages(recursive) discover
[0.322s] INFO:colcon.colcon_core.package_discovery:Crawling recursively for packages in '/home/yamaguchi-a/ros2_ws/src/d1_waypoints_manager'
[0.322s] Level 1:colcon.colcon_core.package_identification:_identify(.) by extensions ['ignore', 'ignore_ament_install']
[0.322s] Level 1:colcon.colcon_core.package_identification:_identify(.) by extension 'ignore'
[0.322s] Level 1:colcon.colcon_core.package_identification:_identify(.) by extension 'ignore_ament_install'
[0.323s] Level 1:colcon.colcon_core.package_identification:_identify(.) by extensions ['colcon_pkg']
[0.323s] Level 1:colcon.colcon_core.package_identification:_identify(.) by extension 'colcon_pkg'
[0.323s] Level 1:colcon.colcon_core.package_identification:_identify(.) by extensions ['colcon_meta']
[0.323s] Level 1:colcon.colcon_core.package_identification:_identify(.) by extension 'colcon_meta'
[0.323s] Level 1:colcon.colcon_core.package_identification:_identify(.) by extensions ['ros']
[0.323s] Level 1:colcon.colcon_core.package_identification:_identify(.) by extension 'ros'
[0.338s] DEBUG:colcon.colcon_core.package_identification:Package '.' with type 'ros.ament_cmake' and name 'd1_waypoints_manager'
[0.338s] Level 1:colcon.colcon_core.package_discovery:discover_packages(recursive) using defaults
[0.338s] Level 1:colcon.colcon_core.package_discovery:discover_packages(ignore) discover
[0.338s] Level 1:colcon.colcon_core.package_discovery:discover_packages(ignore) using defaults
[0.338s] Level 1:colcon.colcon_core.package_discovery:discover_packages(path) discover
[0.338s] Level 1:colcon.colcon_core.package_discovery:discover_packages(path) using defaults
[0.361s] Level 1:colcon.colcon_core.package_discovery:discover_packages(prefix_path) check parameters
[0.361s] Level 1:colcon.colcon_core.package_discovery:discover_packages(prefix_path) discover
[0.363s] DEBUG:colcon.colcon_installed_package_information.package_discovery:Found 1 installed packages in /home/yamaguchi-a/ros2_ws/install
[0.378s] DEBUG:colcon.colcon_installed_package_information.package_discovery:Found 389 installed packages in /opt/ros/humble
[0.380s] Level 1:colcon.colcon_core.package_discovery:discover_packages(prefix_path) using defaults
[0.437s] Level 5:colcon.colcon_core.verb:set package 'd1_waypoints_manager' build argument 'cmake_args' from command line to 'None'
[0.437s] Level 5:colcon.colcon_core.verb:set package 'd1_waypoints_manager' build argument 'cmake_target' from command line to 'None'
[0.437s] Level 5:colcon.colcon_core.verb:set package 'd1_waypoints_manager' build argument 'cmake_target_skip_unavailable' from command line to 'False'
[0.437s] Level 5:colcon.colcon_core.verb:set package 'd1_waypoints_manager' build argument 'cmake_clean_cache' from command line to 'False'
[0.437s] Level 5:colcon.colcon_core.verb:set package 'd1_waypoints_manager' build argument 'cmake_clean_first' from command line to 'False'
[0.437s] Level 5:colcon.colcon_core.verb:set package 'd1_waypoints_manager' build argument 'cmake_force_configure' from command line to 'False'
[0.437s] Level 5:colcon.colcon_core.verb:set package 'd1_waypoints_manager' build argument 'ament_cmake_args' from command line to 'None'
[0.437s] Level 5:colcon.colcon_core.verb:set package 'd1_waypoints_manager' build argument 'catkin_cmake_args' from command line to 'None'
[0.437s] Level 5:colcon.colcon_core.verb:set package 'd1_waypoints_manager' build argument 'catkin_skip_building_tests' from command line to 'False'
[0.438s] DEBUG:colcon.colcon_core.verb:Building package 'd1_waypoints_manager' with the following arguments: {'ament_cmake_args': None, 'build_base': '/home/yamaguchi-a/ros2_ws/src/d1_waypoints_manager/build/d1_waypoints_manager', 'catkin_cmake_args': None, 'catkin_skip_building_tests': False, 'cmake_args': None, 'cmake_clean_cache': False, 'cmake_clean_first': False, 'cmake_force_configure': False, 'cmake_target': None, 'cmake_target_skip_unavailable': False, 'install_base': '/home/yamaguchi-a/ros2_ws/src/d1_waypoints_manager/install/d1_waypoints_manager', 'merge_install': False, 'path': '/home/yamaguchi-a/ros2_ws/src/d1_waypoints_manager', 'symlink_install': False, 'test_result_base': None}
[0.438s] INFO:colcon.colcon_core.executor:Executing jobs using 'parallel' executor
[0.439s] DEBUG:colcon.colcon_parallel_executor.executor.parallel:run_until_complete
[0.439s] INFO:colcon.colcon_ros.task.ament_cmake.build:Building ROS package in '/home/yamaguchi-a/ros2_ws/src/d1_waypoints_manager' with build type 'ament_cmake'
[0.439s] INFO:colcon.colcon_cmake.task.cmake.build:Building CMake package in '/home/yamaguchi-a/ros2_ws/src/d1_waypoints_manager'
[0.442s] INFO:colcon.colcon_core.plugin_system:Skipping extension 'colcon_core.shell.bat': Not used on non-Windows systems
[0.442s] INFO:colcon.colcon_core.shell:Skip shell extension 'powershell' for command environment: Not usable outside of PowerShell
[0.442s] DEBUG:colcon.colcon_core.shell:Skip shell extension 'dsv' for command environment
[0.452s] DEBUG:colcon.colcon_core.event_handler.log_command:Invoking command in '/home/yamaguchi-a/ros2_ws/src/d1_waypoints_manager/build/d1_waypoints_manager': CMAKE_PREFIX_PATH=${CMAKE_PREFIX_PATH}:/opt/ros/humble /usr/bin/cmake /home/yamaguchi-a/ros2_ws/src/d1_waypoints_manager -DCMAKE_INSTALL_PREFIX=/home/yamaguchi-a/ros2_ws/src/d1_waypoints_manager/install/d1_waypoints_manager
[1.061s] DEBUG:colcon.colcon_core.event_handler.log_command:Invoked command in '/home/yamaguchi-a/ros2_ws/src/d1_waypoints_manager/build/d1_waypoints_manager' returned '1': CMAKE_PREFIX_PATH=${CMAKE_PREFIX_PATH}:/opt/ros/humble /usr/bin/cmake /home/yamaguchi-a/ros2_ws/src/d1_waypoints_manager -DCMAKE_INSTALL_PREFIX=/home/yamaguchi-a/ros2_ws/src/d1_waypoints_manager/install/d1_waypoints_manager
[1.074s] Level 1:colcon.colcon_core.environment:create_environment_scripts_only(d1_waypoints_manager)
[1.077s] Level 1:colcon.colcon_core.environment:checking '/home/yamaguchi-a/ros2_ws/src/d1_waypoints_manager/install/d1_waypoints_manager' for CMake module files
[1.077s] Level 1:colcon.colcon_core.environment:checking '/home/yamaguchi-a/ros2_ws/src/d1_waypoints_manager/install/d1_waypoints_manager' for CMake config files
[1.078s] Level 1:colcon.colcon_core.environment:checking '/home/yamaguchi-a/ros2_ws/src/d1_waypoints_manager/install/d1_waypoints_manager/bin'
[1.078s] Level 1:colcon.colcon_core.environment:checking '/home/yamaguchi-a/ros2_ws/src/d1_waypoints_manager/install/d1_waypoints_manager/lib/pkgconfig/d1_waypoints_manager.pc'
[1.078s] Level 1:colcon.colcon_core.environment:checking '/home/yamaguchi-a/ros2_ws/src/d1_waypoints_manager/install/d1_waypoints_manager/lib/python3.10/site-packages'
[1.078s] Level 1:colcon.colcon_core.environment:checking '/home/yamaguchi-a/ros2_ws/src/d1_waypoints_manager/install/d1_waypoints_manager/bin'
[1.078s] INFO:colcon.colcon_core.shell:Creating package script '/home/yamaguchi-a/ros2_ws/src/d1_waypoints_manager/install/d1_waypoints_manager/share/d1_waypoints_manager/package.ps1'
[1.079s] INFO:colcon.colcon_core.shell:Creating package descriptor '/home/yamaguchi-a/ros2_ws/src/d1_waypoints_manager/install/d1_waypoints_manager/share/d1_waypoints_manager/package.dsv'
[1.080s] INFO:colcon.colcon_core.shell:Creating package script '/home/yamaguchi-a/ros2_ws/src/d1_waypoints_manager/install/d1_waypoints_manager/share/d1_waypoints_manager/package.sh'
[1.080s] INFO:colcon.colcon_core.shell:Creating package script '/home/yamaguchi-a/ros2_ws/src/d1_waypoints_manager/install/d1_waypoints_manager/share/d1_waypoints_manager/package.bash'
[1.081s] INFO:colcon.colcon_core.shell:Creating package script '/home/yamaguchi-a/ros2_ws/src/d1_waypoints_manager/install/d1_waypoints_manager/share/d1_waypoints_manager/package.zsh'
[1.082s] Level 1:colcon.colcon_core.environment:create_file_with_runtime_dependencies(/home/yamaguchi-a/ros2_ws/src/d1_waypoints_manager/install/d1_waypoints_manager/share/colcon-core/packages/d1_waypoints_manager)
[1.092s] DEBUG:colcon.colcon_parallel_executor.executor.parallel:closing loop
[1.093s] DEBUG:colcon.colcon_parallel_executor.executor.parallel:loop closed
[1.093s] DEBUG:colcon.colcon_parallel_executor.executor.parallel:run_until_complete finished with '1'
[1.093s] DEBUG:colcon.colcon_core.event_reactor:joining thread
[1.099s] INFO:colcon.colcon_core.plugin_system:Skipping extension 'colcon_notification.desktop_notification.terminal_notifier': Not used on non-Darwin systems
[1.099s] INFO:colcon.colcon_core.plugin_system:Skipping extension 'colcon_notification.desktop_notification.win32': Not used on non-Windows systems
[1.099s] INFO:colcon.colcon_notification.desktop_notification:Sending desktop notification using 'notify2'
[1.111s] DEBUG:colcon.colcon_core.event_reactor:joined thread
[1.111s] INFO:colcon.colcon_core.shell:Creating prefix script '/home/yamaguchi-a/ros2_ws/src/d1_waypoints_manager/install/local_setup.ps1'
[1.112s] INFO:colcon.colcon_core.shell:Creating prefix util module '/home/yamaguchi-a/ros2_ws/src/d1_waypoints_manager/install/_local_setup_util_ps1.py'
[1.114s] INFO:colcon.colcon_core.shell:Creating prefix chain script '/home/yamaguchi-a/ros2_ws/src/d1_waypoints_manager/install/setup.ps1'
[1.115s] INFO:colcon.colcon_core.shell:Creating prefix script '/home/yamaguchi-a/ros2_ws/src/d1_waypoints_manager/install/local_setup.sh'
[1.116s] INFO:colcon.colcon_core.shell:Creating prefix util module '/home/yamaguchi-a/ros2_ws/src/d1_waypoints_manager/install/_local_setup_util_sh.py'
[1.116s] INFO:colcon.colcon_core.shell:Creating prefix chain script '/home/yamaguchi-a/ros2_ws/src/d1_waypoints_manager/install/setup.sh'
[1.118s] INFO:colcon.colcon_core.shell:Creating prefix script '/home/yamaguchi-a/ros2_ws/src/d1_waypoints_manager/install/local_setup.bash'
[1.118s] INFO:colcon.colcon_core.shell:Creating prefix chain script '/home/yamaguchi-a/ros2_ws/src/d1_waypoints_manager/install/setup.bash'
[1.119s] INFO:colcon.colcon_core.shell:Creating prefix script '/home/yamaguchi-a/ros2_ws/src/d1_waypoints_manager/install/local_setup.zsh'
[1.119s] INFO:colcon.colcon_core.shell:Creating prefix chain script '/home/yamaguchi-a/ros2_ws/src/d1_waypoints_manager/install/setup.zsh'
